[debug] [2023-09-12T18:32:08.376Z] ----------------------------------------------------------------------
[debug] [2023-09-12T18:32:08.384Z] Command:       C:\Program Files\nodejs\node.exe C:\Users\AngelParedes\AppData\Roaming\npm\node_modules\firebase-tools\lib\bin\firebase.js apps:create android loan_app (android) --package-name=loans --json --project=tareas1-203e9
[debug] [2023-09-12T18:32:08.385Z] CLI Version:   12.4.7
[debug] [2023-09-12T18:32:08.387Z] Platform:      win32
[debug] [2023-09-12T18:32:08.387Z] Node Version:  v18.13.0
[debug] [2023-09-12T18:32:08.391Z] Time:          Tue Sep 12 2023 14:32:08 GMT-0400 (Bolivia Time)
[debug] [2023-09-12T18:32:08.392Z] ----------------------------------------------------------------------
[debug] 
[debug] [2023-09-12T18:32:08.424Z] > command requires scopes: ["email","openid","https://www.googleapis.com/auth/cloudplatformprojects.readonly","https://www.googleapis.com/auth/firebase","https://www.googleapis.com/auth/cloud-platform"]
[debug] [2023-09-12T18:32:08.425Z] > authorizing via signed-in user (angelgonzalez7652@gmail.com)
[info] Create your ANDROID app in project tareas1-203e9:
[debug] [2023-09-12T18:32:08.439Z] >>> [apiv2][query] POST https://firebase.googleapis.com/v1beta1/projects/tareas1-203e9/androidApps [none]
[debug] [2023-09-12T18:32:08.439Z] >>> [apiv2][body] POST https://firebase.googleapis.com/v1beta1/projects/tareas1-203e9/androidApps {"displayName":"loan_app (android)","packageName":"loans"}
[debug] [2023-09-12T18:32:08.928Z] <<< [apiv2][status] POST https://firebase.googleapis.com/v1beta1/projects/tareas1-203e9/androidApps 400
[debug] [2023-09-12T18:32:08.929Z] <<< [apiv2][body] POST https://firebase.googleapis.com/v1beta1/projects/tareas1-203e9/androidApps {"error":{"code":400,"message":"Request contains an invalid argument.","status":"INVALID_ARGUMENT"}}
[debug] [2023-09-12T18:32:08.931Z] HTTP Error: 400, Request contains an invalid argument.
[debug] [2023-09-12T18:32:09.157Z] FirebaseError: HTTP Error: 400, Request contains an invalid argument.
    at responseToError (C:\Users\AngelParedes\AppData\Roaming\npm\node_modules\firebase-tools\lib\responseToError.js:49:12)
    at RetryOperation._fn (C:\Users\AngelParedes\AppData\Roaming\npm\node_modules\firebase-tools\lib\apiv2.js:285:77)
    at process.processTicksAndRejections (node:internal/process/task_queues:95:5)
[error] 
[error] Error: Failed to create Android app for project tareas1-203e9. See firebase-debug.log for more info.
